sz2 NYX iter 0
sz2 NYX iter 1
sz2 NYX iter 2
sz2 Miranda iter 0
sz2 Miranda iter 1
sz2 Miranda iter 2
sz2 Hurricane iter 0
sz2 Hurricane iter 1
sz2 Hurricane iter 2
sz2 CESM iter 0
sz2 CESM iter 1
sz2 CESM iter 2
sz2 SCALE iter 0
sz2 SCALE iter 1
sz2 SCALE iter 2
mv: cannot stat 'outcome/sz3/': No such file or directory
sz3 NYX iter 0
sz3 NYX iter 1
sz3 NYX iter 2
sz3 Miranda iter 0
sz3 Miranda iter 1
sz3 Miranda iter 2
sz3 Hurricane iter 0
sz3 Hurricane iter 1
sz3 Hurricane iter 2
sz3 CESM iter 0
sz3 CESM iter 1
sz3 CESM iter 2
sz3 SCALE iter 0
sz3 SCALE iter 1
sz3 SCALE iter 2
